<?xml version="1.0" encoding="UTF-8"?>
<robot generator="Robot 7.3 (Python 3.13.4 on win32)" generated="2025-06-07T21:05:17.870573" rpa="false" schemaversion="5">
<suite id="s1" name="Robot Tests" source="C:\Users\jhonn\Documents\robot-oficial\robot_tests">
<suite id="s1-s1" name="Teste" source="C:\Users\jhonn\Documents\robot-oficial\robot_tests\teste.robot">
<test id="s1-s1-t1" name="Cenário 1: Acessando o site do Robot" line="52">
<kw name="Abrir Site">
<kw name="Open Browser" owner="SeleniumLibrary">
<msg time="2025-06-07T21:05:18.064753" level="INFO">Opening browser 'chrome' to base url 'https://automationpratice.com.br/'.</msg>
<arg>${URL}</arg>
<arg>chrome</arg>
<doc>Opens a new browser instance to the optional ``url``.</doc>
<status status="PASS" start="2025-06-07T21:05:18.064499" elapsed="1.629983"/>
</kw>
<kw name="Maximize Browser Window" owner="SeleniumLibrary">
<doc>Maximizes current browser window.</doc>
<status status="PASS" start="2025-06-07T21:05:19.694777" elapsed="0.325797"/>
</kw>
<kw name="Esperar site carregar">
<kw name="Set Selenium Implicit Wait" owner="SeleniumLibrary">
<arg>${tempo}s</arg>
<doc>Sets the implicit wait value used by Selenium.</doc>
<status status="PASS" start="2025-06-07T21:05:20.021130" elapsed="0.001704"/>
</kw>
<arg>2</arg>
<status status="PASS" start="2025-06-07T21:05:20.020815" elapsed="0.002216"/>
</kw>
<status status="PASS" start="2025-06-07T21:05:18.063859" elapsed="1.959282"/>
</kw>
<kw name="Clicar sobre o botão Login">
<kw name="Click Element" owner="SeleniumLibrary">
<msg time="2025-06-07T21:05:20.024383" level="INFO">Clicking element 'xpath=//a[@href="/login" and contains(., "Login")]'.</msg>
<arg>xpath=//a[@href="/login" and contains(., "Login")]</arg>
<doc>Click the element identified by ``locator``.</doc>
<status status="PASS" start="2025-06-07T21:05:20.023988" elapsed="0.462009"/>
</kw>
<status status="PASS" start="2025-06-07T21:05:20.023590" elapsed="0.462521"/>
</kw>
<kw name="Digitar email">
<kw name="Input Text" owner="SeleniumLibrary">
<msg time="2025-06-07T21:05:20.487288" level="INFO">Typing text 'qazando@teste.com' into text field 'id=user'.</msg>
<arg>id=user</arg>
<arg>${USER}</arg>
<doc>Types the given ``text`` into the text field identified by ``locator``.</doc>
<status status="PASS" start="2025-06-07T21:05:20.486958" elapsed="0.384883"/>
</kw>
<status status="PASS" start="2025-06-07T21:05:20.486522" elapsed="0.385430"/>
</kw>
<kw name="Digitar senha">
<kw name="Input Text" owner="SeleniumLibrary">
<msg time="2025-06-07T21:05:20.872719" level="INFO">Typing text '123456' into text field 'id=password'.</msg>
<arg>id=password</arg>
<arg>${PASSWORD}</arg>
<doc>Types the given ``text`` into the text field identified by ``locator``.</doc>
<status status="PASS" start="2025-06-07T21:05:20.872532" elapsed="0.179704"/>
</kw>
<status status="PASS" start="2025-06-07T21:05:20.872239" elapsed="0.180111"/>
</kw>
<kw name="Clicar no botão login">
<kw name="Click Button" owner="SeleniumLibrary">
<msg time="2025-06-07T21:05:21.053119" level="INFO">Clicking button 'id=btnLogin'.</msg>
<arg>id=btnLogin</arg>
<doc>Clicks the button identified by ``locator``.</doc>
<status status="PASS" start="2025-06-07T21:05:21.052941" elapsed="0.110004"/>
</kw>
<status status="PASS" start="2025-06-07T21:05:21.052669" elapsed="0.110470"/>
</kw>
<kw name="Verificar se o usuário está logado">
<kw name="Get Text" owner="SeleniumLibrary">
<msg time="2025-06-07T21:05:21.196479" level="INFO">${texto_login_sucesso} = Login realizado</msg>
<var>${texto_login_sucesso}</var>
<arg>id=swal2-title</arg>
<doc>Returns the text value of the element identified by ``locator``.</doc>
<status status="PASS" start="2025-06-07T21:05:21.164003" elapsed="0.032519"/>
</kw>
<kw name="Should Be Equal As Strings" owner="BuiltIn">
<arg>${texto_login_sucesso}</arg>
<arg>Login realizado</arg>
<doc>Fails if objects are unequal after converting them to strings.</doc>
<status status="PASS" start="2025-06-07T21:05:21.196657" elapsed="0.000199"/>
</kw>
<status status="PASS" start="2025-06-07T21:05:21.163603" elapsed="0.033325"/>
</kw>
<tag>Cenario1</tag>
<status status="PASS" start="2025-06-07T21:05:18.063090" elapsed="3.134092"/>
</test>
<status status="PASS" start="2025-06-07T21:05:17.900053" elapsed="3.297827"/>
</suite>
<status status="PASS" start="2025-06-07T21:05:17.871989" elapsed="3.326645"/>
</suite>
<statistics>
<total>
<stat pass="1" fail="0" skip="0">All Tests</stat>
</total>
<tag>
<stat pass="1" fail="0" skip="0">Cenario1</stat>
</tag>
<suite>
<stat name="Robot Tests" id="s1" pass="1" fail="0" skip="0">Robot Tests</stat>
<stat name="Teste" id="s1-s1" pass="1" fail="0" skip="0">Robot Tests.Teste</stat>
</suite>
</statistics>
<errors>
</errors>
</robot>
