<?xml version="1.0" encoding="UTF-8"?>
<robot generator="Robot 7.3 (Python 3.13.4 on win32)" generated="2025-06-07T19:21:14.176421" rpa="false" schemaversion="5">
<suite id="s1" name="Teste" source="C:\Users\jhonn\Documents\robot-oficial\teste.robot">
<test id="s1-t1" name="Cenário 1: Acessando o site do Robot" line="52">
<kw name="Abrir Site">
<kw name="Open Browser" owner="SeleniumLibrary">
<msg time="2025-06-07T19:21:14.449656" level="INFO">Opening browser 'chrome' to base url 'https://automationpratice.com.br/'.</msg>
<arg>${URL}</arg>
<arg>chrome</arg>
<doc>Opens a new browser instance to the optional ``url``.</doc>
<status status="PASS" start="2025-06-07T19:21:14.449370" elapsed="1.505830"/>
</kw>
<kw name="Maximize Browser Window" owner="SeleniumLibrary">
<doc>Maximizes current browser window.</doc>
<status status="PASS" start="2025-06-07T19:21:15.955587" elapsed="0.308612"/>
</kw>
<kw name="Esperar site carregar">
<kw name="Set Selenium Implicit Wait" owner="SeleniumLibrary">
<arg>${tempo}s</arg>
<doc>Sets the implicit wait value used by Selenium.</doc>
<status status="PASS" start="2025-06-07T19:21:16.265404" elapsed="0.002217"/>
</kw>
<arg>2</arg>
<status status="PASS" start="2025-06-07T19:21:16.264745" elapsed="0.003110"/>
</kw>
<status status="PASS" start="2025-06-07T19:21:14.448564" elapsed="1.819574"/>
</kw>
<kw name="Clicar sobre o botão Login">
<kw name="Click Element" owner="SeleniumLibrary">
<msg time="2025-06-07T19:21:16.270404" level="INFO">Clicking element 'xpath=//a[@href="/login" and contains(., "Login")]'.</msg>
<arg>xpath=//a[@href="/login" and contains(., "Login")]</arg>
<doc>Click the element identified by ``locator``.</doc>
<status status="PASS" start="2025-06-07T19:21:16.269641" elapsed="0.738397"/>
</kw>
<status status="PASS" start="2025-06-07T19:21:16.268906" elapsed="0.739457"/>
</kw>
<kw name="Digitar email">
<kw name="Input Text" owner="SeleniumLibrary">
<msg time="2025-06-07T19:21:17.009956" level="INFO">Typing text 'qazando@teste.com' into text field 'id=user'.</msg>
<arg>id=user</arg>
<arg>${USER}</arg>
<doc>Types the given ``text`` into the text field identified by ``locator``.</doc>
<status status="PASS" start="2025-06-07T19:21:17.009507" elapsed="0.419314"/>
</kw>
<status status="PASS" start="2025-06-07T19:21:17.008984" elapsed="0.420046"/>
</kw>
<kw name="Digitar senha">
<kw name="Input Text" owner="SeleniumLibrary">
<msg time="2025-06-07T19:21:17.432526" level="INFO">Typing text '123456' into text field 'id=password'.</msg>
<arg>id=password</arg>
<arg>${PASSWORD}</arg>
<doc>Types the given ``text`` into the text field identified by ``locator``.</doc>
<status status="PASS" start="2025-06-07T19:21:17.432207" elapsed="0.140350"/>
</kw>
<status status="PASS" start="2025-06-07T19:21:17.431739" elapsed="0.140953"/>
</kw>
<kw name="Clicar no botão login">
<kw name="Click Button" owner="SeleniumLibrary">
<msg time="2025-06-07T19:21:17.573678" level="INFO">Clicking button 'id=btnLogin'.</msg>
<arg>id=btnLogin</arg>
<doc>Clicks the button identified by ``locator``.</doc>
<status status="PASS" start="2025-06-07T19:21:17.573461" elapsed="0.171910"/>
</kw>
<status status="PASS" start="2025-06-07T19:21:17.573077" elapsed="0.172473"/>
</kw>
<kw name="Verificar se o usuário está logado">
<kw name="Get Text" owner="SeleniumLibrary">
<msg time="2025-06-07T19:21:17.788504" level="INFO">${texto_login_sucesso} = Login realizado</msg>
<var>${texto_login_sucesso}</var>
<arg>id=swal2-title</arg>
<doc>Returns the text value of the element identified by ``locator``.</doc>
<status status="PASS" start="2025-06-07T19:21:17.746431" elapsed="0.042152"/>
</kw>
<kw name="Should Be Equal As Strings" owner="BuiltIn">
<arg>${texto_login_sucesso}</arg>
<arg>Login realizado</arg>
<doc>Fails if objects are unequal after converting them to strings.</doc>
<status status="PASS" start="2025-06-07T19:21:17.788861" elapsed="0.000290"/>
</kw>
<status status="PASS" start="2025-06-07T19:21:17.746004" elapsed="0.043255"/>
</kw>
<tag>Cenario1</tag>
<status status="PASS" start="2025-06-07T19:21:14.447629" elapsed="3.341936"/>
</test>
<status status="PASS" start="2025-06-07T19:21:14.178197" elapsed="3.612247"/>
</suite>
<statistics>
<total>
<stat pass="1" fail="0" skip="0">All Tests</stat>
</total>
<tag>
<stat pass="1" fail="0" skip="0">Cenario1</stat>
</tag>
<suite>
<stat name="Teste" id="s1" pass="1" fail="0" skip="0">Teste</stat>
</suite>
</statistics>
<errors>
</errors>
</robot>
